2025-09-15 19:03:38,816 - BusinessAnalyticsPipeline - INFO - Starting Business Analytics Pipeline - 2025-09-15 19:03:38
2025-09-15 19:03:38,816 - BusinessAnalyticsPipeline - INFO - Starting ETL process...
2025-09-15 19:04:44,890 - BusinessAnalyticsPipeline - INFO - ETL process output:
Starting ETL Pipeline...
=== EXTRACT PHASE ===
Extracting Excel Sales Transactions List...
Extracting Excel Sales Report by Product List...
Extract phase completed successfully.
=== TRANSFORM PHASE ===
Cleaning Data...
Sales Transaction: Dropping columns...
Sales Transaction: Removing empty Date and Time rows...
Sales Report by Product List: Dropping columns...
Sales Report by Product List: Removing empty Date and Time rows...
Merging Sales Transaction and Sales by Product List
Transform phase completed successfully.
=== LOAD PHASE ===
Removing duplicates from fact transaction dimension...
After duplicate removal: 152606 fact transaction records
etl_dimensions/fact_transaction_dimension.csv created
Creating SCD Type 4 Product Dimension tables (and parent_sku mapping)...
etl_dimensions/transaction_records.csv created with columns: Receipt No, SKU (parent_sku values)
etl_dimensions/current_product_dimension.csv created
etl_dimensions/history_product_dimension.csv created
Current Product Dimension: 245 products
History Product Dimension: 1386 product records
Creating time_dimension.csv...
etl_dimensions/time_dimension.csv created
Load phase completed successfully.

ETL Process Complete.

2025-09-15 19:04:44,891 - BusinessAnalyticsPipeline - INFO - ETL process completed successfully.
2025-09-15 19:04:44,891 - BusinessAnalyticsPipeline - INFO - Starting Market Basket Analysis...
2025-09-15 19:04:44,891 - BusinessAnalyticsPipeline - ERROR - Unexpected error running Market Basket Analysis: Script not found: market_basket_analysis.py
2025-09-15 19:04:44,891 - BusinessAnalyticsPipeline - ERROR - Market Basket Analysis failed. Stopping pipeline.
